


ARM Macro Assembler    Page 1 


    1 00000000                 AREA             RESET,DATA,READONLY
    2 00000000                 EXPORT           __Vectors
    3 00000000         
    4 00000000         __Vectors
    5 00000000 10001000        DCD              0x10001000  ;stack pointer valu
                                                            e when stack is emp
                                                            ty
    6 00000004 00000000        DCD              Reset_Handler ;reset vector
    7 00000008                 ALIGN
    8 00000008                 AREA             mycode,CODE,READONLY
    9 00000000                 ENTRY
   10 00000000                 EXPORT           Reset_Handler
   11 00000000         
   12 00000000         Reset_Handler
   13 00000000 4802            LDR              R0, =SRC
   14 00000002 4903            LDR              R1, =DST
   15 00000004 6803            LDR              R3, [R0]
   16 00000006 600B            STR              R3, [R1]
   17 00000008         STOP
   18 00000008 E7FE            B                STOP
   19 0000000A 00 00 00000000 
              00000000         AREA             mydata1,DATA,READONLY
   20 00000000 00000008 
                       SRC     DCD              8
   21 00000004                 AREA             mydata2,DATA,READWRITE
   22 00000000 00000000 
                       DST     DCD              0
   23 00000004                 END
Command Line: --debug --xref --cpu=Cortex-M3 --apcs=interwork --depend=.\l1q2.d
 -o.\l1q2.o -IC:\Keil\ARM\RV31\INC -IC:\Keil\ARM\CMSIS\Include -IC:\Keil\ARM\In
c\NXP\LPC17xx --predefine="__EVAL SETA 1" --list=.\l1q2.lst l1q2.s



ARM Macro Assembler    Page 1 Alphabetic symbol ordering
Relocatable symbols

RESET 00000000

Symbol: RESET
   Definitions
      At line 1 in file l1q2.s
   Uses
      None
Comment: RESET unused
__Vectors 00000000

Symbol: __Vectors
   Definitions
      At line 4 in file l1q2.s
   Uses
      At line 2 in file l1q2.s
Comment: __Vectors used once
2 symbols



ARM Macro Assembler    Page 1 Alphabetic symbol ordering
Relocatable symbols

Reset_Handler 00000000

Symbol: Reset_Handler
   Definitions
      At line 12 in file l1q2.s
   Uses
      At line 6 in file l1q2.s
      At line 10 in file l1q2.s

STOP 00000008

Symbol: STOP
   Definitions
      At line 17 in file l1q2.s
   Uses
      At line 18 in file l1q2.s
Comment: STOP used once
mycode 00000000

Symbol: mycode
   Definitions
      At line 8 in file l1q2.s
   Uses
      None
Comment: mycode unused
3 symbols



ARM Macro Assembler    Page 1 Alphabetic symbol ordering
Relocatable symbols

SRC 00000000

Symbol: SRC
   Definitions
      At line 20 in file l1q2.s
   Uses
      At line 13 in file l1q2.s
Comment: SRC used once
mydata1 00000000

Symbol: mydata1
   Definitions
      At line 19 in file l1q2.s
   Uses
      None
Comment: mydata1 unused
2 symbols



ARM Macro Assembler    Page 1 Alphabetic symbol ordering
Relocatable symbols

DST 00000000

Symbol: DST
   Definitions
      At line 22 in file l1q2.s
   Uses
      At line 14 in file l1q2.s
Comment: DST used once
mydata2 00000000

Symbol: mydata2
   Definitions
      At line 21 in file l1q2.s
   Uses
      None
Comment: mydata2 unused
2 symbols
342 symbols in table
