


ARM Macro Assembler    Page 1 


    1 00000000                 AREA             RESET,DATA,READONLY
    2 00000000                 EXPORT           __Vectors
    3 00000000         __Vectors
    4 00000000 10001000        DCD              0X10001000
    5 00000004 00000000        DCD              Reset_Handler
    6 00000008                 ALIGN
    7 00000008                 AREA             MYCODE,CODE,READONLY
    8 00000000                 ENTRY
    9 00000000                 EXPORT           Reset_Handler
   10 00000000         Reset_Handler
   11 00000000 4814            LDR              R0, =SRC1
   12 00000002 6801            LDR              R1, [R0]
   13 00000004 4914            LDR              R1, =SRC2
   14 00000006 680A            LDR              R2, [R1]
   15 00000008 2900    AGA     CMP              R1, #0
   16 0000000A D009            BEQ              EXIT
   17 0000000C 4281    UP      CMP              R1, R0
   18 0000000E D200            BHS              CON
   19 00000010 E002            B                SKIP
   20 00000012 EBA1 0100 
                       CON     SUB              R1, R1, R0
   21 00000016 E7F9            B                UP
   22 00000018 4602    SKIP    MOV              R2, R0
   23 0000001A 4608            MOV              R0, R1
   24 0000001C 4611            MOV              R1, R2
   25 0000001E E7F3            B                AGA
   26 00000020         EXIT
   27 00000020 4A0E            LDR              R2, =GCD
   28 00000022 6011            STR              R1, [R2]
   29 00000024 480B            LDR              R0, =SRC1
   30 00000026 6800            LDR              R0, [R0]
   31 00000028 490B            LDR              R1, =SRC2
   32 0000002A 6809            LDR              R1, [R1]
   33 0000002C FB00 F001       MUL              R0, R0, R1
   34 00000030 490A            LDR              R1, =GCD
   35 00000032 6809            LDR              R1, [R1]
   36 00000034 F04F 0200       LDR              R2, =0
   37 00000038 4288    UP2     CMP              R0, R1
   38 0000003A D304            BCC              STO
   39 0000003C EBA0 0001       SUB              R0, R1
   40 00000040 F102 0201       ADD              R2, #1
   41 00000044 E7F8            B                UP2
   42 00000046 4B06    STO     LDR              R3, =LCM
   43 00000048 601A            STR              R2, [R3]
   44 0000004A         STOP
   45 0000004A E7FE            B                STOP
   46 0000004C 00000005 
                       SRC1    DCD              5
   47 00000050 00000007 
                       SRC2    DCD              7
   48 00000054 00000000 
              00000000 
              00000000 
              00000000 
              00000000 
              00000000 
              00000000         AREA             MYDATA, DATA, READWRITE
   49 00000000 00000000 
                       GCD     DCD              0



ARM Macro Assembler    Page 2 


   50 00000004 00000000 
                       LCM     DCD              0
   51 00000008                 END
Command Line: --debug --xref --cpu=Cortex-M3 --apcs=interwork --depend=.\l3q3.d
 -o.\l3q3.o -IC:\Keil\ARM\RV31\INC -IC:\Keil\ARM\CMSIS\Include -IC:\Keil\ARM\In
c\NXP\LPC17xx --predefine="__EVAL SETA 1" --list=.\l3q3.lst l3q3.s



ARM Macro Assembler    Page 1 Alphabetic symbol ordering
Relocatable symbols

RESET 00000000

Symbol: RESET
   Definitions
      At line 1 in file l3q3.s
   Uses
      None
Comment: RESET unused
__Vectors 00000000

Symbol: __Vectors
   Definitions
      At line 3 in file l3q3.s
   Uses
      At line 2 in file l3q3.s
Comment: __Vectors used once
2 symbols



ARM Macro Assembler    Page 1 Alphabetic symbol ordering
Relocatable symbols

AGA 00000008

Symbol: AGA
   Definitions
      At line 15 in file l3q3.s
   Uses
      At line 25 in file l3q3.s
Comment: AGA used once
CON 00000012

Symbol: CON
   Definitions
      At line 20 in file l3q3.s
   Uses
      At line 18 in file l3q3.s
Comment: CON used once
EXIT 00000020

Symbol: EXIT
   Definitions
      At line 26 in file l3q3.s
   Uses
      At line 16 in file l3q3.s
Comment: EXIT used once
MYCODE 00000000

Symbol: MYCODE
   Definitions
      At line 7 in file l3q3.s
   Uses
      None
Comment: MYCODE unused
Reset_Handler 00000000

Symbol: Reset_Handler
   Definitions
      At line 10 in file l3q3.s
   Uses
      At line 5 in file l3q3.s
      At line 9 in file l3q3.s

SKIP 00000018

Symbol: SKIP
   Definitions
      At line 22 in file l3q3.s
   Uses
      At line 19 in file l3q3.s
Comment: SKIP used once
SRC1 0000004C

Symbol: SRC1
   Definitions
      At line 46 in file l3q3.s
   Uses
      At line 11 in file l3q3.s
      At line 29 in file l3q3.s

SRC2 00000050



ARM Macro Assembler    Page 2 Alphabetic symbol ordering
Relocatable symbols


Symbol: SRC2
   Definitions
      At line 47 in file l3q3.s
   Uses
      At line 13 in file l3q3.s
      At line 31 in file l3q3.s

STO 00000046

Symbol: STO
   Definitions
      At line 42 in file l3q3.s
   Uses
      At line 38 in file l3q3.s
Comment: STO used once
STOP 0000004A

Symbol: STOP
   Definitions
      At line 44 in file l3q3.s
   Uses
      At line 45 in file l3q3.s
Comment: STOP used once
UP 0000000C

Symbol: UP
   Definitions
      At line 17 in file l3q3.s
   Uses
      At line 21 in file l3q3.s
Comment: UP used once
UP2 00000038

Symbol: UP2
   Definitions
      At line 37 in file l3q3.s
   Uses
      At line 41 in file l3q3.s
Comment: UP2 used once
12 symbols



ARM Macro Assembler    Page 1 Alphabetic symbol ordering
Relocatable symbols

GCD 00000000

Symbol: GCD
   Definitions
      At line 49 in file l3q3.s
   Uses
      At line 27 in file l3q3.s
      At line 34 in file l3q3.s

LCM 00000004

Symbol: LCM
   Definitions
      At line 50 in file l3q3.s
   Uses
      At line 42 in file l3q3.s
Comment: LCM used once
MYDATA 00000000

Symbol: MYDATA
   Definitions
      At line 48 in file l3q3.s
   Uses
      None
Comment: MYDATA unused
3 symbols
350 symbols in table
