


ARM Macro Assembler    Page 1 


    1 00000000                 AREA             RESET, DATA, READONLY
    2 00000000                 EXPORT           __Vectors
    3 00000000         __Vectors
    4 00000000 40001000        DCD              0x40001000  ; stack pointer val
                                                            ue when stack is em
                                                            pty
    5 00000004 00000000        DCD              Reset_Handler ; reset vector
    6 00000008                 ALIGN
    7 00000008                 AREA             mycode, CODE, READONLY
    8 00000000                 ENTRY
    9 00000000                 EXPORT           Reset_Handler
   10 00000000         Reset_Handler
   11 00000000 481B            LDR              R0,=SRC1
   12 00000002 491C            LDR              R1,=SRC2
   13 00000004 4A1C            LDR              R2,=DST
   14 00000006 6803            LDR              R3,[R0]
   15 00000008 680C            LDR              R4,[R1]
   16 0000000A F04F 050F       MOV              R5,0xF
   17 0000000E F04F 0600       MOV              R6,#0
   18 00000012 F04F 0700       MOV              R7,#0
   19 00000016 F000 F80D 
                       UP      BL               SUM
   20 0000001A EB03 0C04       ADD              R12,R3,R4
   21 0000001E F1BC 0F00       CMP              R12,#0
   22 00000022 D1F8            BNE              UP
   23 00000024 2E00            CMP              R6,#0
   24 00000026 D002            BEQ              GO
   25 00000028 FA06 F60A       LSL              R6,R10
   26 0000002C 44B3            ADD              R11,R6
   27 0000002E F8C2 B000 
                       GO      STR              R11,[R2]
   28 00000032 E7FE    STOP    B                STOP
   29 00000034 EA03 0805 
                       SUM     AND              R8,R3,R5
   30 00000038 EA04 0905       AND              R9,R4,R5
   31 0000003C EB08 0709       ADD              R7,R8,R9
   32 00000040 4437            ADD              R7,R6
   33 00000042 2F0A            CMP              R7,#10
   34 00000044 D303            BCC              STO
   35 00000046 F1A7 070A       SUB              R7,#10
   36 0000004A F04F 0602       MOV              R6,#2
   37 0000004E FA07 F70A 
                       STO     LSL              R7,R10
   38 00000052 44BB            ADD              R11,R7
   39 00000054 F10A 0A04       ADD              R10,#4
   40 00000058 F04F 0700       MOV              R7,#0
   41 0000005C EA4F 1313       LSR              R3,#4
   42 00000060 EA4F 1414       LSR              R4,#4
   43 00000064 4770            BX               LR
   44 00000066 00 00 11111111 
                       SRC1    DCD              0x11111111
   45 0000006C 11111111 
                       SRC2    DCD              0x11111111
   46 00000070 00000000 
              00000000 
              00000000         AREA             mydata,DATA,READWRITE
   47 00000000 00000000 
                       DST     DCD              0
   48 00000004                 END



ARM Macro Assembler    Page 2 


Command Line: --debug --xref --cpu=Cortex-M3 --apcs=interwork --depend=.\l4q3.d
 -o.\l4q3.o -IC:\Keil\ARM\RV31\INC -IC:\Keil\ARM\CMSIS\Include -IC:\Keil\ARM\In
c\NXP\LPC17xx --predefine="__EVAL SETA 1" --list=.\l4q3.lst l4q3.s



ARM Macro Assembler    Page 1 Alphabetic symbol ordering
Relocatable symbols

RESET 00000000

Symbol: RESET
   Definitions
      At line 1 in file l4q3.s
   Uses
      None
Comment: RESET unused
__Vectors 00000000

Symbol: __Vectors
   Definitions
      At line 3 in file l4q3.s
   Uses
      At line 2 in file l4q3.s
Comment: __Vectors used once
2 symbols



ARM Macro Assembler    Page 1 Alphabetic symbol ordering
Relocatable symbols

GO 0000002E

Symbol: GO
   Definitions
      At line 27 in file l4q3.s
   Uses
      At line 24 in file l4q3.s
Comment: GO used once
Reset_Handler 00000000

Symbol: Reset_Handler
   Definitions
      At line 10 in file l4q3.s
   Uses
      At line 5 in file l4q3.s
      At line 9 in file l4q3.s

SRC1 00000068

Symbol: SRC1
   Definitions
      At line 44 in file l4q3.s
   Uses
      At line 11 in file l4q3.s
Comment: SRC1 used once
SRC2 0000006C

Symbol: SRC2
   Definitions
      At line 45 in file l4q3.s
   Uses
      At line 12 in file l4q3.s
Comment: SRC2 used once
STO 0000004E

Symbol: STO
   Definitions
      At line 37 in file l4q3.s
   Uses
      At line 34 in file l4q3.s
Comment: STO used once
STOP 00000032

Symbol: STOP
   Definitions
      At line 28 in file l4q3.s
   Uses
      At line 28 in file l4q3.s
Comment: STOP used once
SUM 00000034

Symbol: SUM
   Definitions
      At line 29 in file l4q3.s
   Uses
      At line 19 in file l4q3.s
Comment: SUM used once
UP 00000016




ARM Macro Assembler    Page 2 Alphabetic symbol ordering
Relocatable symbols

Symbol: UP
   Definitions
      At line 19 in file l4q3.s
   Uses
      At line 22 in file l4q3.s
Comment: UP used once
mycode 00000000

Symbol: mycode
   Definitions
      At line 7 in file l4q3.s
   Uses
      None
Comment: mycode unused
9 symbols



ARM Macro Assembler    Page 1 Alphabetic symbol ordering
Relocatable symbols

DST 00000000

Symbol: DST
   Definitions
      At line 47 in file l4q3.s
   Uses
      At line 13 in file l4q3.s
Comment: DST used once
mydata 00000000

Symbol: mydata
   Definitions
      At line 46 in file l4q3.s
   Uses
      None
Comment: mydata unused
2 symbols
346 symbols in table
